#
# A fatal error has been detected by the Java Runtime Environment:
#
#  SIGSEGV (0xb) at pc=0x00007fe6948115fa, pid=6707, tid=0x00007fe68819f700
#
# JRE version: OpenJDK Runtime Environment (8.0_162-b12) (build 1.8.0_162-8u162-b12-0ubuntu0.16.04.2-b12)
# Java VM: OpenJDK 64-Bit Server VM (25.162-b12 mixed mode linux-amd64 compressed oops)
# Problematic frame:
# v  ~BufferBlob::jni_fast_GetLongField
#
# Failed to write core dump. Core dumps have been disabled. To enable core dumping, try "ulimit -c unlimited" before starting Java again
#
# If you would like to submit a bug report, please visit:
#   http://bugreport.java.com/bugreport/crash.jsp
# The crash happened outside the Java Virtual Machine in native code.
# See problematic frame for where to report the bug.
#

---------------  T H R E A D  ---------------

Current thread (0x00007fe6a42a9000):  JavaThread "AWT-XAWT" daemon [_thread_in_native, id=6733, stack(0x00007fe68809f000,0x00007fe6881a0000)]

siginfo: si_signo: 11 (SIGSEGV), si_code: 1 (SEGV_MAPERR), si_addr: 0x0000000000000000

Registers:
RAX=0x00007fe6aa203040, RBX=0x00007fe6a42a91e0, RCX=0x0000000000000000, RDX=0x0000000000000042
RSP=0x00007fe68819e708, RBP=0x00007fe68819e730, RSI=0x0000000000000000, RDI=0x00007fe6a42a91e0
R8 =0x00000000d8c10d90, R9 =0x0000000000000000, R10=0x0000000000000452, R11=0x00000000000001f4
R12=0x00007fe63400b720, R13=0x0000000000000000, R14=0x00007fe6905f8b00, R15=0x00007fe6a42a9000
RIP=0x00007fe6948115fa, EFLAGS=0x0000000000010246, CSGSFS=0x0000000000000033, ERR=0x0000000000000004
  TRAPNO=0x000000000000000e

Top of Stack: (sp=0x00007fe68819e708)
0x00007fe68819e708:   00007fe6903d6094 00007fe6796096f8
0x00007fe68819e718:   00007fe63400b720 00007fe694a9c88c
0x00007fe68819e728:   00007fe68819e7b0 0000000000000000
0x00007fe68819e738:   00007fe67bd243c0 00007fe6796096f8
0x00007fe68819e748:   00007fe68819e770 0000000000000000
0x00007fe68819e758:   00007fe67bd1bf93 00007fe694a9c88c
0x00007fe68819e768:   00007fe6903cde0f 00007fe68819e7c0
0x00007fe68819e778:   00007fe694b8f376 00000000d8c00960
0x00007fe68819e788:   00000000d8e24b68 00000000d8158fb8
0x00007fe68819e798:   00000000d8158998 0000000000a00003
0x00007fe68819e7a8:   00000000d8e24b68 0000000083403310
0x00007fe68819e7b8:   0000000000000202 00007fe68819ea00
0x00007fe68819e7c8:   00007fe694c23c3c 0000000000000059
0x00007fe68819e7d8:   00007fe6931af2c0 00007fe6931af2c0
0x00007fe68819e7e8:   00007fe648000020 0000000000000040
0x00007fe68819e7f8:   0000000000000000 0000000000000004
0x00007fe68819e808:   00007fe68819e8b0 0000000000000040
0x00007fe68819e818:   00007fe6aa91c184 00007fe6931af2c0
0x00007fe68819e828:   0000000000000040 00007fe68819e870
0x00007fe68819e838:   887501e7a8ee5d00 00007fe68819e930
0x00007fe68819e848:   0000000000000008 00007fe68819e880
0x00007fe68819e858:   0000000000000008 00007fe68819e8b0
0x00007fe68819e868:   0000000000000040 00007fe68819e910
0x00007fe68819e878:   00007fe6a9c75dcd 00007fe68819e930
0x00007fe68819e888:   00000000947c940b 00007fe6947ad310
0x00007fe68819e898:   00000000d8c00ca0 00000000d8c00c48
0x00007fe68819e8a8:   00000000d8c00ca0 0000000000000000
0x00007fe68819e8b8:   00000000d8c00c48 00000000d8c00c48
0x00007fe68819e8c8:   00000000d8c00ca0 00000000d8c00ca0
0x00007fe68819e8d8:   00000000d8c00c48 0000000000000000
0x00007fe68819e8e8:   0000000083402bc0 00000000834002e0
0x00007fe68819e8f8:   00000000d8c18c10 00007fe648000e30 

Instructions: (pc=0x00007fe6948115fa)
0x00007fe6948115da:   00 00 00 00 00 00 44 8b 15 2d e6 a1 15 4c 8b ce
0x00007fe6948115ea:   41 f6 c2 01 0f 85 2e 00 00 00 4d 33 ca 4d 33 ca
0x00007fe6948115fa:   4d 8b 09 4c 8b da 49 c1 eb 02 4b 8b 04 19 49 bb
0x00007fe69481160a:   14 fc 22 aa e6 7f 00 00 4c 33 d8 4c 33 d8 45 3b 

Register to memory mapping:

RAX=0x00007fe6aa203040: <offset 0xefb040> in /usr/lib/jvm/java-8-openjdk-amd64/jre/lib/amd64/server/libjvm.so at 0x00007fe6a9308000
RBX=0x00007fe6a42a91e0 is an unknown value
RCX=0x0000000000000000 is an unknown value
RDX=0x0000000000000042 is an unknown value
RSP=0x00007fe68819e708 is pointing into the stack for thread: 0x00007fe6a42a9000
RBP=0x00007fe68819e730 is pointing into the stack for thread: 0x00007fe6a42a9000
RSI=0x0000000000000000 is an unknown value
RDI=0x00007fe6a42a91e0 is an unknown value
R8 =0x00000000d8c10d90 is an oop
sun.util.logging.PlatformLogger$Level 
 - klass: 'sun/util/logging/PlatformLogger$Level'
R9 =0x0000000000000000 is an unknown value
R10=0x0000000000000452 is an unknown value
R11=0x00000000000001f4 is an unknown value
R12=0x00007fe63400b720 is an unknown value
R13=0x0000000000000000 is an unknown value
R14=0x00007fe6905f8b00: <offset 0x258b00> in /usr/lib/jvm/java-8-openjdk-amd64/jre/lib/amd64/libawt_xawt.so at 0x00007fe6903a0000
R15=0x00007fe6a42a9000 is a thread


Stack: [0x00007fe68809f000,0x00007fe6881a0000],  sp=0x00007fe68819e708,  free space=1021k
Native frames: (J=compiled Java code, j=interpreted, Vv=VM code, C=native code)
v  ~BufferBlob::jni_fast_GetLongField
C  [libX11.so.6+0x643c0]  _XimServerDestroy+0x70

Java frames: (J=compiled Java code, j=interpreted, Vv=VM code)
J 1187  sun.awt.X11.XlibWrapper.XFilterEvent(JJ)Z (0 bytes) @ 0x00007fe694b8f304 [0x00007fe694b8f2c0+0x44]
J 3018% C1 sun.awt.X11.XToolkit.run(Z)V (410 bytes) @ 0x00007fe694c23c3c [0x00007fe694c204a0+0x379c]
j  sun.awt.X11.XToolkit.run()V+5
j  java.lang.Thread.run()V+11
v  ~StubRoutines::call_stub

---------------  P R O C E S S  ---------------

Java Threads: ( => current thread )
  0x00007fe62c001800 JavaThread "XToolkt-Shutdown-Thread" [_thread_in_vm, id=30487, stack(0x00007fe6793e1000,0x00007fe6794e2000)]
  0x00007fe65c003000 JavaThread "SIGTERM handler" daemon [_thread_blocked, id=30483, stack(0x00007fe6796e2000,0x00007fe6797e3000)]
  0x00007fe65c002000 JavaThread "SIGHUP handler" daemon [_thread_blocked, id=30480, stack(0x00007fe6797e3000,0x00007fe6798e4000)]
  0x00007fe65c001000 JavaThread "SIGHUP handler" daemon [_thread_blocked, id=30477, stack(0x00007fe6798e4000,0x00007fe6799e5000)]
  0x00007fe634016800 JavaThread "TimerQueue" daemon [_thread_blocked, id=6737, stack(0x00007fe6799e5000,0x00007fe679ae6000)]
  0x00007fe6a400a800 JavaThread "DestroyJavaVM" [_thread_blocked, id=6708, stack(0x00007fe6aaf9c000,0x00007fe6ab09d000)]
  0x00007fe6a4354000 JavaThread "AWT-EventQueue-0" [_thread_blocked, id=6735, stack(0x00007fe679ce6000,0x00007fe679de7000)]
  0x00007fe6a4352000 JavaThread "AWT-Shutdown" [_thread_blocked, id=6734, stack(0x00007fe679de7000,0x00007fe679ee8000)]
=>0x00007fe6a42a9000 JavaThread "AWT-XAWT" daemon [_thread_in_native, id=6733, stack(0x00007fe68809f000,0x00007fe6881a0000)]
  0x00007fe6a4281800 JavaThread "Java2D Disposer" daemon [_thread_blocked, id=6732, stack(0x00007fe690067000,0x00007fe690168000)]
  0x00007fe6a40c6800 JavaThread "Service Thread" daemon [_thread_blocked, id=6722, stack(0x00007fe690a33000,0x00007fe690b34000)]
  0x00007fe6a40b6800 JavaThread "C1 CompilerThread2" daemon [_thread_blocked, id=6721, stack(0x00007fe690b34000,0x00007fe690c35000)]
  0x00007fe6a40b5000 JavaThread "C2 CompilerThread1" daemon [_thread_blocked, id=6720, stack(0x00007fe690c35000,0x00007fe690d36000)]
  0x00007fe6a40b2000 JavaThread "C2 CompilerThread0" daemon [_thread_blocked, id=6719, stack(0x00007fe690d36000,0x00007fe690e37000)]
  0x00007fe6a40b0000 JavaThread "Signal Dispatcher" daemon [_thread_blocked, id=6718, stack(0x00007fe690e37000,0x00007fe690f38000)]
  0x00007fe6a4088000 JavaThread "Finalizer" daemon [_thread_blocked, id=6717, stack(0x00007fe691210000,0x00007fe691311000)]
  0x00007fe6a4083800 JavaThread "Reference Handler" daemon [_thread_blocked, id=6716, stack(0x00007fe691311000,0x00007fe691412000)]

Other Threads:
  0x00007fe6a407c000 VMThread [stack: 0x00007fe691412000,0x00007fe691513000] [id=6715]
  0x00007fe6a40c9000 WatcherThread [stack: 0x00007fe690932000,0x00007fe690a33000] [id=6723]

VM state:not at safepoint (normal execution)

VM Mutex/Monitor currently owned by a thread: None

Heap:
 PSYoungGen      total 37888K, used 31005K [0x00000000d6700000, 0x00000000d9100000, 0x0000000100000000)
  eden space 32768K, 85% used [0x00000000d6700000,0x00000000d823aca0,0x00000000d8700000)
  from space 5120K, 60% used [0x00000000d8c00000,0x00000000d8f0c840,0x00000000d9100000)
  to   space 5120K, 0% used [0x00000000d8700000,0x00000000d8700000,0x00000000d8c00000)
 ParOldGen       total 86016K, used 32K [0x0000000083400000, 0x0000000088800000, 0x00000000d6700000)
  object space 86016K, 0% used [0x0000000083400000,0x0000000083408000,0x0000000088800000)
 Metaspace       used 14874K, capacity 15088K, committed 15360K, reserved 1062912K
  class space    used 1612K, capacity 1678K, committed 1792K, reserved 1048576K

Card table byte_map: [0x00007fe694001000,0x00007fe6943e8000] byte_map_base: 0x00007fe693be7000

Marking Bits: (ParMarkBitMap*) 0x00007fe6aa22f300
 Begin Bits: [0x00007fe6881a0000, 0x00007fe68a0d0000)
 End Bits:   [0x00007fe68a0d0000, 0x00007fe68c000000)

Polling page: 0x00007fe6ab0a0000

CodeCache: size=245760Kb used=9468Kb max_used=9642Kb free=236291Kb
 bounds [0x00007fe6947a8000, 0x00007fe695138000, 0x00007fe6a37a8000]
 total_blobs=3151 nmethods=2568 adapters=495
 compilation: enabled

Compilation events (10 events):
Event: 18184.959 Thread 0x00007fe6a40b6800 3019   !   3       sun.awt.X11.XToolkit::run (410 bytes)
Event: 18185.138 Thread 0x00007fe6a40b6800 nmethod 3019 0x00007fe6950dc650 code [0x00007fe6950dd000, 0x00007fe6950e33b8]
Event: 38174.676 Thread 0x00007fe6a40b5000 3020 % !   4       sun.awt.X11.XToolkit::run @ 59 (410 bytes)
Event: 38179.007 Thread 0x00007fe6a40b5000 nmethod 3020% 0x00007fe694d3d690 code [0x00007fe694d3dbe0, 0x00007fe694d3f0e0]
Event: 38460.661 Thread 0x00007fe6a40b6800 3021       3       java.lang.ref.PhantomReference::<init> (7 bytes)
Event: 38461.107 Thread 0x00007fe6a40b6800 nmethod 3021 0x00007fe694b79b90 code [0x00007fe694b79d00, 0x00007fe694b79fb0]
Event: 38463.501 Thread 0x00007fe6a40b6800 3022       1       sun.awt.X11.WindowPropertyGetter::isDisposed (8 bytes)
Event: 38463.594 Thread 0x00007fe6a40b6800 nmethod 3022 0x00007fe694c15bd0 code [0x00007fe694c15d20, 0x00007fe694c15e30]
Event: 38917.766 Thread 0x00007fe6a40b6800 3023  s    3       sun.java2d.Disposer::add (61 bytes)
Event: 38918.134 Thread 0x00007fe6a40b6800 nmethod 3023 0x00007fe694c1ead0 code [0x00007fe694c1eca0, 0x00007fe694c1f728]

GC Heap History (4 events):
Event: 98.337 GC heap before
{Heap before GC invocations=1 (full 0):
 PSYoungGen      total 37888K, used 32768K [0x00000000d6700000, 0x00000000d9100000, 0x0000000100000000)
  eden space 32768K, 100% used [0x00000000d6700000,0x00000000d8700000,0x00000000d8700000)
  from space 5120K, 0% used [0x00000000d8c00000,0x00000000d8c00000,0x00000000d9100000)
  to   space 5120K, 0% used [0x00000000d8700000,0x00000000d8700000,0x00000000d8c00000)
 ParOldGen       total 86016K, used 0K [0x0000000083400000, 0x0000000088800000, 0x00000000d6700000)
  object space 86016K, 0% used [0x0000000083400000,0x0000000083400000,0x0000000088800000)
 Metaspace       used 14295K, capacity 14464K, committed 14720K, reserved 1062912K
  class space    used 1593K, capacity 1642K, committed 1664K, reserved 1048576K
Event: 98.346 GC heap after
Heap after GC invocations=1 (full 0):
 PSYoungGen      total 37888K, used 2912K [0x00000000d6700000, 0x00000000d9100000, 0x0000000100000000)
  eden space 32768K, 0% used [0x00000000d6700000,0x00000000d6700000,0x00000000d8700000)
  from space 5120K, 56% used [0x00000000d8700000,0x00000000d89d8020,0x00000000d8c00000)
  to   space 5120K, 0% used [0x00000000d8c00000,0x00000000d8c00000,0x00000000d9100000)
 ParOldGen       total 86016K, used 24K [0x0000000083400000, 0x0000000088800000, 0x00000000d6700000)
  object space 86016K, 0% used [0x0000000083400000,0x0000000083406000,0x0000000088800000)
 Metaspace       used 14295K, capacity 14464K, committed 14720K, reserved 1062912K
  class space    used 1593K, capacity 1642K, committed 1664K, reserved 1048576K
}
Event: 853.714 GC heap before
{Heap before GC invocations=2 (full 0):
 PSYoungGen      total 37888K, used 35680K [0x00000000d6700000, 0x00000000d9100000, 0x0000000100000000)
  eden space 32768K, 100% used [0x00000000d6700000,0x00000000d8700000,0x00000000d8700000)
  from space 5120K, 56% used [0x00000000d8700000,0x00000000d89d8020,0x00000000d8c00000)
  to   space 5120K, 0% used [0x00000000d8c00000,0x00000000d8c00000,0x00000000d9100000)
 ParOldGen       total 86016K, used 24K [0x0000000083400000, 0x0000000088800000, 0x00000000d6700000)
  object space 86016K, 0% used [0x0000000083400000,0x0000000083406000,0x0000000088800000)
 Metaspace       used 14726K, capacity 14960K, committed 15360K, reserved 1062912K
  class space    used 1609K, capacity 1678K, committed 1792K, reserved 1048576K
Event: 853.728 GC heap after
Heap after GC invocations=2 (full 0):
 PSYoungGen      total 37888K, used 3122K [0x00000000d6700000, 0x00000000d9100000, 0x0000000100000000)
  eden space 32768K, 0% used [0x00000000d6700000,0x00000000d6700000,0x00000000d8700000)
  from space 5120K, 60% used [0x00000000d8c00000,0x00000000d8f0c840,0x00000000d9100000)
  to   space 5120K, 0% used [0x00000000d8700000,0x00000000d8700000,0x00000000d8c00000)
 ParOldGen       total 86016K, used 32K [0x0000000083400000, 0x0000000088800000, 0x00000000d6700000)
  object space 86016K, 0% used [0x0000000083400000,0x0000000083408000,0x0000000088800000)
 Metaspace       used 14726K, capacity 14960K, committed 15360K, reserved 1062912K
  class space    used 1609K, capacity 1678K, committed 1792K, reserved 1048576K
}

Deoptimization events (10 events):
Event: 1043.203 Thread 0x00007fe630007000 Uncommon trap: reason=unstable_if action=reinterpret pc=0x00007fe694fb7988 method=sun.java2d.SurfaceData.canRenderLCDText(Lsun/java2d/SunGraphics2D;)Z @ 38
Event: 1043.204 Thread 0x00007fe6a4354000 Uncommon trap: reason=class_check action=maybe_recompile pc=0x00007fe694a7fd90 method=sun.java2d.SurfaceData.getSourceSurfaceData(Ljava/awt/Image;ILsun/java2d/loops/CompositeType;Ljava/awt/Color;)Lsun/java2d/SurfaceData; @ 78
Event: 1043.205 Thread 0x00007fe6a4354000 Uncommon trap: reason=class_check action=maybe_recompile pc=0x00007fe694a7fd90 method=sun.java2d.SurfaceData.getSourceSurfaceData(Ljava/awt/Image;ILsun/java2d/loops/CompositeType;Ljava/awt/Color;)Lsun/java2d/SurfaceData; @ 78
Event: 1043.207 Thread 0x00007fe6a4354000 Uncommon trap: reason=class_check action=maybe_recompile pc=0x00007fe694a7fd90 method=sun.java2d.SurfaceData.getSourceSurfaceData(Ljava/awt/Image;ILsun/java2d/loops/CompositeType;Ljava/awt/Color;)Lsun/java2d/SurfaceData; @ 78
Event: 1043.944 Thread 0x00007fe6a4354000 Uncommon trap: reason=unstable_if action=reinterpret pc=0x00007fe694f54fac method=java.util.concurrent.locks.AbstractQueuedSynchronizer.unparkSuccessor(Ljava/util/concurrent/locks/AbstractQueuedSynchronizer$Node;)V @ 22
Event: 3088.351 Thread 0x00007fe6a42a9000 Uncommon trap: reason=unstable_if action=reinterpret pc=0x00007fe694df8d08 method=sun.awt.X11.XWindow.getModifiers(III)I @ 36
Event: 3191.310 Thread 0x00007fe6a4354000 Uncommon trap: reason=unstable_if action=reinterpret pc=0x00007fe694d5316c method=java.awt.Component.isMixingNeeded()Z @ 139
Event: 3191.310 Thread 0x00007fe6a4354000 Uncommon trap: reason=unstable_if action=reinterpret pc=0x00007fe694ee9dd4 method=java.security.AccessController.getContext()Ljava/security/AccessControlContext; @ 5
Event: 3191.311 Thread 0x00007fe6a4354000 Uncommon trap: reason=unstable_if action=reinterpret pc=0x00007fe694fe30a4 method=java.awt.EventQueue.getPriority(Ljava/awt/AWTEvent;)I @ 22
Event: 3191.314 Thread 0x00007fe6a42a9000 Uncommon trap: reason=unstable_if action=reinterpret pc=0x00007fe694f076a4 method=sun.awt.X11.XDropTargetEventProcessor.doProcessEvent(Lsun/awt/X11/XEvent;)Z @ 6

Classes redefined (0 events):
No events

Internal exceptions (10 events):
Event: 1045.215 Thread 0x00007fe624004800 Exception <a 'java/lang/InterruptedException': sleep interrupted> (0x00000000d7aee0d0) thrown at [/build/openjdk-8-OdO8jS/openjdk-8-8u162-b12/src/hotspot/src/share/vm/prims/jvm.cpp, line 3228]
Event: 1045.229 Thread 0x00007fe624003800 Exception <a 'java/lang/InterruptedException': sleep interrupted> (0x00000000d7c00700) thrown at [/build/openjdk-8-OdO8jS/openjdk-8-8u162-b12/src/hotspot/src/share/vm/prims/jvm.cpp, line 3180]
Event: 1045.949 Thread 0x00007fe62c001800 Exception <a 'java/lang/InterruptedException': sleep interrupted> (0x00000000d7cabe40) thrown at [/build/openjdk-8-OdO8jS/openjdk-8-8u162-b12/src/hotspot/src/share/vm/prims/jvm.cpp, line 3180]
Event: 1047.228 Thread 0x00007fe624004800 Exception <a 'java/lang/InterruptedException': sleep interrupted> (0x00000000d7c1d650) thrown at [/build/openjdk-8-OdO8jS/openjdk-8-8u162-b12/src/hotspot/src/share/vm/prims/jvm.cpp, line 3228]
Event: 1047.244 Thread 0x00007fe624003800 Exception <a 'java/lang/InterruptedException': sleep interrupted> (0x00000000d7dd4e28) thrown at [/build/openjdk-8-OdO8jS/openjdk-8-8u162-b12/src/hotspot/src/share/vm/prims/jvm.cpp, line 3180]
Event: 1049.199 Thread 0x00007fe62c001800 Exception <a 'java/lang/InterruptedException': sleep interrupted> (0x00000000d7ea7178) thrown at [/build/openjdk-8-OdO8jS/openjdk-8-8u162-b12/src/hotspot/src/share/vm/prims/jvm.cpp, line 3180]
Event: 1049.244 Thread 0x00007fe624004800 Exception <a 'java/lang/InterruptedException': sleep interrupted> (0x00000000d7df37b0) thrown at [/build/openjdk-8-OdO8jS/openjdk-8-8u162-b12/src/hotspot/src/share/vm/prims/jvm.cpp, line 3228]
Event: 1049.255 Thread 0x00007fe624004800 Exception <a 'java/lang/InterruptedException': sleep interrupted> (0x00000000d7fac8a8) thrown at [/build/openjdk-8-OdO8jS/openjdk-8-8u162-b12/src/hotspot/src/share/vm/prims/jvm.cpp, line 3180]
Event: 1049.261 Thread 0x00007fe624003800 Exception <a 'java/lang/InterruptedException': sleep interrupted> (0x00000000d7f898c0) thrown at [/build/openjdk-8-OdO8jS/openjdk-8-8u162-b12/src/hotspot/src/share/vm/prims/jvm.cpp, line 3180]
Event: 3191.310 Thread 0x00007fe6a4354000 Implicit null exception at 0x00007fe694ee9a8d to 0x00007fe694ee9dbf

Events (10 events):
Event: 3191.311 Thread 0x00007fe6a4354000 Uncommon trap: trap_request=0xffffff65 fr.pc=0x00007fe694fe30a4
Event: 3191.311 Thread 0x00007fe6a4354000 DEOPT PACKING pc=0x00007fe694fe30a4 sp=0x00007fe679de3c30
Event: 3191.311 Thread 0x00007fe6a4354000 DEOPT UNPACKING pc=0x00007fe6947ed47a sp=0x00007fe679de3be8 mode 2
Event: 3191.314 Thread 0x00007fe6a42a9000 Uncommon trap: trap_request=0xffffff65 fr.pc=0x00007fe694f076a4
Event: 3191.314 Thread 0x00007fe6a42a9000 DEOPT PACKING pc=0x00007fe694f076a4 sp=0x00007fe68819e8d0
Event: 3191.314 Thread 0x00007fe6a42a9000 DEOPT UNPACKING pc=0x00007fe6947ed47a sp=0x00007fe68819e828 mode 2
Event: 3191.320 loading class java/awt/Component$FlipBufferStrategy
Event: 3191.320 loading class java/awt/Component$FlipBufferStrategy done
Event: 3191.321 Executing VM operation: Deoptimize
Event: 3191.321 Executing VM operation: Deoptimize done


Dynamic libraries:
00400000-00401000 r-xp 00000000 08:06 16136829                           /usr/lib/jvm/java-8-openjdk-amd64/jre/bin/java
00600000-00601000 r--p 00000000 08:06 16136829                           /usr/lib/jvm/java-8-openjdk-amd64/jre/bin/java
00601000-00602000 rw-p 00001000 08:06 16136829                           /usr/lib/jvm/java-8-openjdk-amd64/jre/bin/java
01d83000-01da4000 rw-p 00000000 00:00 0                                  [heap]
83400000-88800000 rw-p 00000000 00:00 0 
88800000-d6700000 ---p 00000000 00:00 0 
d6700000-d9100000 rw-p 00000000 00:00 0 
d9100000-100000000 ---p 00000000 00:00 0 
100000000-1001c0000 rw-p 00000000 00:00 0 
1001c0000-140000000 ---p 00000000 00:00 0 
7fe624000000-7fe624022000 rw-p 00000000 00:00 0 
7fe624022000-7fe628000000 ---p 00000000 00:00 0 
7fe628000000-7fe628021000 rw-p 00000000 00:00 0 
7fe628021000-7fe62c000000 ---p 00000000 00:00 0 
7fe62c000000-7fe62c025000 rw-p 00000000 00:00 0 
7fe62c025000-7fe630000000 ---p 00000000 00:00 0 
7fe630000000-7fe630031000 rw-p 00000000 00:00 0 
7fe630031000-7fe634000000 ---p 00000000 00:00 0 
7fe634000000-7fe634084000 rw-p 00000000 00:00 0 
7fe634084000-7fe638000000 ---p 00000000 00:00 0 
7fe638000000-7fe638021000 rw-p 00000000 00:00 0 
7fe638021000-7fe63c000000 ---p 00000000 00:00 0 
7fe63c000000-7fe63c021000 rw-p 00000000 00:00 0 
7fe63c021000-7fe640000000 ---p 00000000 00:00 0 
7fe640fff000-7fe644000000 rw-p 00000000 00:00 0 
7fe644000000-7fe644021000 rw-p 00000000 00:00 0 
7fe644021000-7fe648000000 ---p 00000000 00:00 0 
7fe648000000-7fe648021000 rw-p 00000000 00:00 0 
7fe648021000-7fe64c000000 ---p 00000000 00:00 0 
7fe64c000000-7fe64c021000 rw-p 00000000 00:00 0 
7fe64c021000-7fe650000000 ---p 00000000 00:00 0 
7fe650000000-7fe650021000 rw-p 00000000 00:00 0 
7fe650021000-7fe654000000 ---p 00000000 00:00 0 
7fe654000000-7fe655095000 rw-p 00000000 00:00 0 
7fe655095000-7fe658000000 ---p 00000000 00:00 0 
7fe658000000-7fe658803000 rw-p 00000000 00:00 0 
7fe658803000-7fe65c000000 ---p 00000000 00:00 0 
7fe65c000000-7fe65c021000 rw-p 00000000 00:00 0 
7fe65c021000-7fe660000000 ---p 00000000 00:00 0 
7fe660000000-7fe6617f8000 rw-p 00000000 00:00 0 
7fe6617f8000-7fe664000000 ---p 00000000 00:00 0 
7fe664000000-7fe664021000 rw-p 00000000 00:00 0 
7fe664021000-7fe668000000 ---p 00000000 00:00 0 
7fe668000000-7fe668021000 rw-p 00000000 00:00 0 
7fe668021000-7fe66c000000 ---p 00000000 00:00 0 
7fe66c000000-7fe66c021000 rw-p 00000000 00:00 0 
7fe66c021000-7fe670000000 ---p 00000000 00:00 0 
7fe670000000-7fe670059000 rw-p 00000000 00:00 0 
7fe670059000-7fe674000000 ---p 00000000 00:00 0 
7fe674000000-7fe674021000 rw-p 00000000 00:00 0 
7fe674021000-7fe678000000 ---p 00000000 00:00 0 
7fe6793e1000-7fe6793e4000 ---p 00000000 00:00 0 
7fe6793e4000-7fe679622000 rw-p 00000000 00:00 0 
7fe679622000-7fe6796e2000 ---p 00000000 00:00 0 
7fe6796e2000-7fe6796e5000 ---p 00000000 00:00 0 
7fe6796e5000-7fe6797e3000 rw-p 00000000 00:00 0 
7fe6797e3000-7fe6797e6000 ---p 00000000 00:00 0 
7fe6797e6000-7fe6798e4000 rw-p 00000000 00:00 0 
7fe6798e4000-7fe6798e7000 ---p 00000000 00:00 0 
7fe6798e7000-7fe6799e5000 rw-p 00000000 00:00 0 
7fe6799e5000-7fe6799e8000 ---p 00000000 00:00 0 
7fe6799e8000-7fe679ce6000 rw-p 00000000 00:00 0 
7fe679ce6000-7fe679ce9000 ---p 00000000 00:00 0 
7fe679ce9000-7fe679de7000 rw-p 00000000 00:00 0 
7fe679de7000-7fe679dea000 ---p 00000000 00:00 0 
7fe679dea000-7fe679ee8000 rw-p 00000000 00:00 0 
7fe679ee8000-7fe679ef9000 r-xp 00000000 08:06 14820471                   /usr/lib/jvm/java-8-openjdk-amd64/jre/lib/amd64/libnio.so
7fe679ef9000-7fe67a0f9000 ---p 00011000 08:06 14820471                   /usr/lib/jvm/java-8-openjdk-amd64/jre/lib/amd64/libnio.so
7fe67a0f9000-7fe67a0fa000 r--p 00011000 08:06 14820471                   /usr/lib/jvm/java-8-openjdk-amd64/jre/lib/amd64/libnio.so
7fe67a0fa000-7fe67a0fb000 rw-p 00012000 08:06 14820471                   /usr/lib/jvm/java-8-openjdk-amd64/jre/lib/amd64/libnio.so
7fe67a100000-7fe67a300000 rw-p 00000000 00:00 0 
7fe67a300000-7fe67a316000 r-xp 00000000 08:06 14820457                   /usr/lib/jvm/java-8-openjdk-amd64/jre/lib/amd64/libnet.so
7fe67a316000-7fe67a516000 ---p 00016000 08:06 14820457                   /usr/lib/jvm/java-8-openjdk-amd64/jre/lib/amd64/libnet.so
7fe67a516000-7fe67a517000 r--p 00016000 08:06 14820457                   /usr/lib/jvm/java-8-openjdk-amd64/jre/lib/amd64/libnet.so
7fe67a517000-7fe67a518000 rw-p 00017000 08:06 14820457                   /usr/lib/jvm/java-8-openjdk-amd64/jre/lib/amd64/libnet.so
7fe67a518000-7fe67a51d000 r-xp 00000000 08:06 14819029                   /usr/lib/x86_64-linux-gnu/libXfixes.so.3.1.0
7fe67a51d000-7fe67a71c000 ---p 00005000 08:06 14819029                   /usr/lib/x86_64-linux-gnu/libXfixes.so.3.1.0
7fe67a71c000-7fe67a71d000 r--p 00004000 08:06 14819029                   /usr/lib/x86_64-linux-gnu/libXfixes.so.3.1.0
7fe67a71d000-7fe67a71e000 rw-p 00005000 08:06 14819029                   /usr/lib/x86_64-linux-gnu/libXfixes.so.3.1.0
7fe67a720000-7fe67a729000 r-xp 00000000 08:06 14813558                   /usr/lib/x86_64-linux-gnu/libXcursor.so.1.0.2
7fe67a729000-7fe67a928000 ---p 00009000 08:06 14813558                   /usr/lib/x86_64-linux-gnu/libXcursor.so.1.0.2
7fe67a928000-7fe67a929000 r--p 00008000 08:06 14813558                   /usr/lib/x86_64-linux-gnu/libXcursor.so.1.0.2
7fe67a929000-7fe67a92a000 rw-p 00009000 08:06 14813558                   /usr/lib/x86_64-linux-gnu/libXcursor.so.1.0.2
7fe67a930000-7fe67a954000 r-xp 00000000 08:06 4067835                    /lib/x86_64-linux-gnu/libpng12.so.0.54.0
7fe67a954000-7fe67ab53000 ---p 00024000 08:06 4067835                    /lib/x86_64-linux-gnu/libpng12.so.0.54.0
7fe67ab53000-7fe67ab54000 r--p 00023000 08:06 4067835                    /lib/x86_64-linux-gnu/libpng12.so.0.54.0
7fe67ab54000-7fe67ab55000 rw-p 00024000 08:06 4067835                    /lib/x86_64-linux-gnu/libpng12.so.0.54.0
7fe67ab58000-7fe67abfc000 r-xp 00000000 08:06 14812706                   /usr/lib/x86_64-linux-gnu/libfreetype.so.6.12.1
7fe67abfc000-7fe67adfb000 ---p 000a4000 08:06 14812706                   /usr/lib/x86_64-linux-gnu/libfreetype.so.6.12.1
7fe67adfb000-7fe67ae01000 r--p 000a3000 08:06 14812706                   /usr/lib/x86_64-linux-gnu/libfreetype.so.6.12.1
7fe67ae01000-7fe67ae02000 rw-p 000a9000 08:06 14812706                   /usr/lib/x86_64-linux-gnu/libfreetype.so.6.12.1
7fe67ae08000-7fe67ae5a000 r-xp 00000000 08:06 14820287                   /usr/lib/jvm/java-8-openjdk-amd64/jre/lib/amd64/libfontmanager.so
7fe67ae5a000-7fe67b05a000 ---p 00052000 08:06 14820287                   /usr/lib/jvm/java-8-openjdk-amd64/jre/lib/amd64/libfontmanager.so
7fe67b05a000-7fe67b05c000 r--p 00052000 08:06 14820287                   /usr/lib/jvm/java-8-openjdk-amd64/jre/lib/amd64/libfontmanager.so
7fe67b05c000-7fe67b05d000 rw-p 00054000 08:06 14820287                   /usr/lib/jvm/java-8-openjdk-amd64/jre/lib/amd64/libfontmanager.so
7fe67b060000-7fe67b065000 r-xp 00000000 08:06 14819025                   /usr/lib/x86_64-linux-gnu/libXdmcp.so.6.0.0
7fe67b065000-7fe67b264000 ---p 00005000 08:06 14819025                   /usr/lib/x86_64-linux-gnu/libXdmcp.so.6.0.0
7fe67b264000-7fe67b265000 r--p 00004000 08:06 14819025                   /usr/lib/x86_64-linux-gnu/libXdmcp.so.6.0.0
7fe67b265000-7fe67b266000 rw-p 00005000 08:06 14819025                   /usr/lib/x86_64-linux-gnu/libXdmcp.so.6.0.0
7fe67b268000-7fe67b26a000 r-xp 00000000 08:06 14819014                   /usr/lib/x86_64-linux-gnu/libXau.so.6.0.0
7fe67b26a000-7fe67b46a000 ---p 00002000 08:06 14819014                   /usr/lib/x86_64-linux-gnu/libXau.so.6.0.0
7fe67b46a000-7fe67b46b000 r--p 00002000 08:06 14819014                   /usr/lib/x86_64-linux-gnu/libXau.so.6.0.0
7fe67b46b000-7fe67b46c000 rw-p 00003000 08:06 14819014                   /usr/lib/x86_64-linux-gnu/libXau.so.6.0.0
7fe67b470000-7fe67b491000 r-xp 00000000 08:06 14820392                   /usr/lib/x86_64-linux-gnu/libxcb.so.1.1.0
7fe67b491000-7fe67b690000 ---p 00021000 08:06 14820392                   /usr/lib/x86_64-linux-gnu/libxcb.so.1.1.0
7fe67b690000-7fe67b691000 r--p 00020000 08:06 14820392                   /usr/lib/x86_64-linux-gnu/libxcb.so.1.1.0
7fe67b691000-7fe67b692000 rw-p 00021000 08:06 14820392                   /usr/lib/x86_64-linux-gnu/libxcb.so.1.1.0
7fe67b698000-7fe67b6a7000 r-xp 00000000 08:06 14819035                   /usr/lib/x86_64-linux-gnu/libXi.so.6.1.0
7fe67b6a7000-7fe67b8a6000 ---p 0000f000 08:06 14819035                   /usr/lib/x86_64-linux-gnu/libXi.so.6.1.0
7fe67b8a6000-7fe67b8a7000 r--p 0000e000 08:06 14819035                   /usr/lib/x86_64-linux-gnu/libXi.so.6.1.0
7fe67b8a7000-7fe67b8a8000 rw-p 0000f000 08:06 14819035                   /usr/lib/x86_64-linux-gnu/libXi.so.6.1.0
7fe67b8a8000-7fe67b8ad000 r-xp 00000000 08:06 14819053                   /usr/lib/x86_64-linux-gnu/libXtst.so.6.1.0
7fe67b8ad000-7fe67baac000 ---p 00005000 08:06 14819053                   /usr/lib/x86_64-linux-gnu/libXtst.so.6.1.0
7fe67baac000-7fe67baad000 r--p 00004000 08:06 14819053                   /usr/lib/x86_64-linux-gnu/libXtst.so.6.1.0
7fe67baad000-7fe67baae000 rw-p 00005000 08:06 14819053                   /usr/lib/x86_64-linux-gnu/libXtst.so.6.1.0
7fe67bab0000-7fe67bab9000 r-xp 00000000 08:06 14819047                   /usr/lib/x86_64-linux-gnu/libXrender.so.1.3.0
7fe67bab9000-7fe67bcb8000 ---p 00009000 08:06 14819047                   /usr/lib/x86_64-linux-gnu/libXrender.so.1.3.0
7fe67bcb8000-7fe67bcb9000 r--p 00008000 08:06 14819047                   /usr/lib/x86_64-linux-gnu/libXrender.so.1.3.0
7fe67bcb9000-7fe67bcba000 rw-p 00009000 08:06 14819047                   /usr/lib/x86_64-linux-gnu/libXrender.so.1.3.0
7fe67bcc0000-7fe67bdf5000 r-xp 00000000 08:06 14819010                   /usr/lib/x86_64-linux-gnu/libX11.so.6.3.0
7fe67bdf5000-7fe67bff5000 ---p 00135000 08:06 14819010                   /usr/lib/x86_64-linux-gnu/libX11.so.6.3.0
7fe67bff5000-7fe67bff6000 r--p 00135000 08:06 14819010                   /usr/lib/x86_64-linux-gnu/libX11.so.6.3.0
7fe67bff6000-7fe67bffa000 rw-p 00136000 08:06 14819010                   /usr/lib/x86_64-linux-gnu/libX11.so.6.3.0
7fe67c000000-7fe67c021000 rw-p 00000000 00:00 0 
7fe67c021000-7fe680000000 ---p 00000000 00:00 0 
7fe680000000-7fe680021000 rw-p 00000000 00:00 0 
7fe680021000-7fe684000000 ---p 00000000 00:00 0 
7fe684000000-7fe684021000 rw-p 00000000 00:00 0 
7fe684021000-7fe688000000 ---p 00000000 00:00 0 
7fe68809f000-7fe6880a2000 ---p 00000000 00:00 0 
7fe6880a2000-7fe68c000000 rw-p 00000000 00:00 0 
7fe68c000000-7fe68c021000 rw-p 00000000 00:00 0 
7fe68c021000-7fe690000000 ---p 00000000 00:00 0 
7fe690067000-7fe69006a000 ---p 00000000 00:00 0 
7fe69006a000-7fe690168000 rw-p 00000000 00:00 0 
7fe690168000-7fe690179000 r-xp 00000000 08:06 14819027                   /usr/lib/x86_64-linux-gnu/libXext.so.6.4.0
7fe690179000-7fe690378000 ---p 00011000 08:06 14819027                   /usr/lib/x86_64-linux-gnu/libXext.so.6.4.0
7fe690378000-7fe690379000 r--p 00010000 08:06 14819027                   /usr/lib/x86_64-linux-gnu/libXext.so.6.4.0
7fe690379000-7fe69037a000 rw-p 00011000 08:06 14819027                   /usr/lib/x86_64-linux-gnu/libXext.so.6.4.0
7fe69037e000-7fe690391000 r--s 00346000 08:06 14820496                   /usr/lib/jvm/java-8-openjdk-amd64/jre/lib/resources.jar
7fe690398000-7fe690399000 r--p 00000000 08:06 16779470                   /usr/share/locale-langpack/en_GB/LC_MESSAGES/libc.mo
7fe6903a0000-7fe6903f5000 r-xp 00000000 08:06 14820430                   /usr/lib/jvm/java-8-openjdk-amd64/jre/lib/amd64/libawt_xawt.so
7fe6903f5000-7fe6905f4000 ---p 00055000 08:06 14820430                   /usr/lib/jvm/java-8-openjdk-amd64/jre/lib/amd64/libawt_xawt.so
7fe6905f4000-7fe6905f5000 r--p 00054000 08:06 14820430                   /usr/lib/jvm/java-8-openjdk-amd64/jre/lib/amd64/libawt_xawt.so
7fe6905f5000-7fe6905f8000 rw-p 00055000 08:06 14820430                   /usr/lib/jvm/java-8-openjdk-amd64/jre/lib/amd64/libawt_xawt.so
7fe6905f8000-7fe6905f9000 rw-p 00000000 00:00 0 
7fe690600000-7fe6906a0000 r-xp 00000000 08:06 14820493                   /usr/lib/jvm/java-8-openjdk-amd64/jre/lib/amd64/libawt.so
7fe6906a0000-7fe6908a0000 ---p 000a0000 08:06 14820493                   /usr/lib/jvm/java-8-openjdk-amd64/jre/lib/amd64/libawt.so
7fe6908a0000-7fe6908a1000 r--p 000a0000 08:06 14820493                   /usr/lib/jvm/java-8-openjdk-amd64/jre/lib/amd64/libawt.so
7fe6908a1000-7fe6908ac000 rw-p 000a1000 08:06 14820493                   /usr/lib/jvm/java-8-openjdk-amd64/jre/lib/amd64/libawt.so
7fe6908ac000-7fe6908d1000 rw-p 00000000 00:00 0 
7fe6908d1000-7fe6908d3000 r--s 00001000 08:06 14813012                   /usr/lib/jvm/java-8-openjdk-amd64/jre/lib/ext/dnsns.jar
7fe6908d3000-7fe6908d8000 r--s 0003b000 08:06 14812941                   /usr/lib/jvm/java-8-openjdk-amd64/jre/lib/ext/sunjce_provider.jar
7fe6908de000-7fe6908f9000 r--s 001d6000 08:06 14820204                   /usr/lib/jvm/java-8-openjdk-amd64/jre/lib/ext/nashorn.jar
7fe690900000-7fe690902000 r--s 00008000 08:06 14812943                   /usr/lib/jvm/java-8-openjdk-amd64/jre/lib/ext/sunec.jar
7fe690908000-7fe690909000 r--s 00010000 08:06 14820195                   /usr/lib/jvm/java-8-openjdk-amd64/jre/lib/ext/zipfs.jar
7fe69090a000-7fe69090b000 r--s 0000a000 08:06 14812942                   /usr/lib/jvm/java-8-openjdk-amd64/jre/lib/ext/jaccess.jar
7fe690910000-7fe690913000 r--s 00038000 08:06 14812938                   /usr/lib/jvm/java-8-openjdk-amd64/jre/lib/ext/sunpkcs11.jar
7fe690914000-7fe69092f000 r--s 00394000 08:06 14820180                   /usr/lib/jvm/java-8-openjdk-amd64/jre/lib/ext/cldrdata.jar
7fe69092f000-7fe690932000 r--s 0000f000 08:06 14812940                   /usr/lib/jvm/java-8-openjdk-amd64/jre/lib/ext/icedtea-sound.jar
7fe690932000-7fe690933000 ---p 00000000 00:00 0 
7fe690933000-7fe690a33000 rw-p 00000000 00:00 0 
7fe690a33000-7fe690a36000 ---p 00000000 00:00 0 
7fe690a36000-7fe690b34000 rw-p 00000000 00:00 0 
7fe690b34000-7fe690b37000 ---p 00000000 00:00 0 
7fe690b37000-7fe690c35000 rw-p 00000000 00:00 0 
7fe690c35000-7fe690c38000 ---p 00000000 00:00 0 
7fe690c38000-7fe690d36000 rw-p 00000000 00:00 0 
7fe690d36000-7fe690d39000 ---p 00000000 00:00 0 
7fe690d39000-7fe690e37000 rw-p 00000000 00:00 0 
7fe690e37000-7fe690e3a000 ---p 00000000 00:00 0 
7fe690e3a000-7fe690f38000 rw-p 00000000 00:00 0 
7fe690f38000-7fe691210000 r--p 00000000 08:06 14812429                   /usr/lib/locale/locale-archive
7fe691210000-7fe691213000 ---p 00000000 00:00 0 
7fe691213000-7fe691311000 rw-p 00000000 00:00 0 
7fe691311000-7fe691314000 ---p 00000000 00:00 0 
7fe691314000-7fe691412000 rw-p 00000000 00:00 0 
7fe691412000-7fe691413000 ---p 00000000 00:00 0 
7fe691413000-7fe692aac000 rw-p 00000000 00:00 0 
7fe692aac000-7fe692c7a000 r--s 03c2c000 08:06 14820233                   /usr/lib/jvm/java-8-openjdk-amd64/jre/lib/rt.jar
7fe692c7c000-7fe693862000 rw-p 00000000 00:00 0 
7fe693862000-7fe693863000 ---p 00000000 00:00 0 
7fe693863000-7fe693963000 rw-p 00000000 00:00 0 
7fe693963000-7fe693964000 ---p 00000000 00:00 0 
7fe693964000-7fe693a64000 rw-p 00000000 00:00 0 
7fe693a64000-7fe693a65000 ---p 00000000 00:00 0 
7fe693a65000-7fe693b65000 rw-p 00000000 00:00 0 
7fe693b65000-7fe693b66000 ---p 00000000 00:00 0 
7fe693b66000-7fe693c66000 rw-p 00000000 00:00 0 
7fe693c66000-7fe693c67000 ---p 00000000 00:00 0 
7fe693c67000-7fe693d91000 rw-p 00000000 00:00 0 
7fe693d91000-7fe694001000 ---p 00000000 00:00 0 
7fe694001000-7fe69402b000 rw-p 00000000 00:00 0 
7fe69402b000-7fe69429a000 ---p 00000000 00:00 0 
7fe69429a000-7fe6942b0000 rw-p 00000000 00:00 0 
7fe6942b0000-7fe6943e7000 ---p 00000000 00:00 0 
7fe6943e7000-7fe69440f000 rw-p 00000000 00:00 0 
7fe69440f000-7fe6947a8000 ---p 00000000 00:00 0 
7fe6947a8000-7fe695138000 rwxp 00000000 00:00 0 
7fe695138000-7fe6a37a8000 ---p 00000000 00:00 0 
7fe6a37a8000-7fe6a37b0000 r-xp 00000000 08:06 14820405                   /usr/lib/jvm/java-8-openjdk-amd64/jre/lib/amd64/libzip.so
7fe6a37b0000-7fe6a39af000 ---p 00008000 08:06 14820405                   /usr/lib/jvm/java-8-openjdk-amd64/jre/lib/amd64/libzip.so
7fe6a39af000-7fe6a39b0000 r--p 00007000 08:06 14820405                   /usr/lib/jvm/java-8-openjdk-amd64/jre/lib/amd64/libzip.so
7fe6a39b0000-7fe6a39b1000 rw-p 00008000 08:06 14820405                   /usr/lib/jvm/java-8-openjdk-amd64/jre/lib/amd64/libzip.so
7fe6a39b8000-7fe6a39c3000 r-xp 00000000 08:06 4067255                    /lib/x86_64-linux-gnu/libnss_files-2.23.so
7fe6a39c3000-7fe6a3bc2000 ---p 0000b000 08:06 4067255                    /lib/x86_64-linux-gnu/libnss_files-2.23.so
7fe6a3bc2000-7fe6a3bc3000 r--p 0000a000 08:06 4067255                    /lib/x86_64-linux-gnu/libnss_files-2.23.so
7fe6a3bc3000-7fe6a3bc4000 rw-p 0000b000 08:06 4067255                    /lib/x86_64-linux-gnu/libnss_files-2.23.so
7fe6a3bc4000-7fe6a3bca000 rw-p 00000000 00:00 0 
7fe6a3bd0000-7fe6a3bdb000 r-xp 00000000 08:06 4067262                    /lib/x86_64-linux-gnu/libnss_nis-2.23.so
7fe6a3bdb000-7fe6a3dda000 ---p 0000b000 08:06 4067262                    /lib/x86_64-linux-gnu/libnss_nis-2.23.so
7fe6a3dda000-7fe6a3ddb000 r--p 0000a000 08:06 4067262                    /lib/x86_64-linux-gnu/libnss_nis-2.23.so
7fe6a3ddb000-7fe6a3ddc000 rw-p 0000b000 08:06 4067262                    /lib/x86_64-linux-gnu/libnss_nis-2.23.so
7fe6a3de0000-7fe6a3df6000 r-xp 00000000 08:06 4067223                    /lib/x86_64-linux-gnu/libnsl-2.23.so
7fe6a3df6000-7fe6a3ff5000 ---p 00016000 08:06 4067223                    /lib/x86_64-linux-gnu/libnsl-2.23.so
7fe6a3ff5000-7fe6a3ff6000 r--p 00015000 08:06 4067223                    /lib/x86_64-linux-gnu/libnsl-2.23.so
7fe6a3ff6000-7fe6a3ff7000 rw-p 00016000 08:06 4067223                    /lib/x86_64-linux-gnu/libnsl-2.23.so
7fe6a3ff7000-7fe6a3ff9000 rw-p 00000000 00:00 0 
7fe6a4000000-7fe6a4390000 rw-p 00000000 00:00 0 
7fe6a4390000-7fe6a8000000 ---p 00000000 00:00 0 
7fe6a8006000-7fe6a8010000 r--s 00116000 08:06 14812939                   /usr/lib/jvm/java-8-openjdk-amd64/jre/lib/ext/localedata.jar
7fe6a8012000-7fe6a80f7000 rw-p 00000000 00:00 0 
7fe6a80f7000-7fe6a80f8000 ---p 00000000 00:00 0 
7fe6a80f8000-7fe6a81f8000 rw-p 00000000 00:00 0 
7fe6a81f8000-7fe6a8200000 r-xp 00000000 08:06 4067245                    /lib/x86_64-linux-gnu/libnss_compat-2.23.so
7fe6a8200000-7fe6a83ff000 ---p 00008000 08:06 4067245                    /lib/x86_64-linux-gnu/libnss_compat-2.23.so
7fe6a83ff000-7fe6a8400000 r--p 00007000 08:06 4067245                    /lib/x86_64-linux-gnu/libnss_compat-2.23.so
7fe6a8400000-7fe6a8401000 rw-p 00008000 08:06 4067245                    /lib/x86_64-linux-gnu/libnss_compat-2.23.so
7fe6a8408000-7fe6a8435000 r-xp 00000000 08:06 14820424                   /usr/lib/jvm/java-8-openjdk-amd64/jre/lib/amd64/libjava.so
7fe6a8435000-7fe6a8634000 ---p 0002d000 08:06 14820424                   /usr/lib/jvm/java-8-openjdk-amd64/jre/lib/amd64/libjava.so
7fe6a8634000-7fe6a8635000 r--p 0002c000 08:06 14820424                   /usr/lib/jvm/java-8-openjdk-amd64/jre/lib/amd64/libjava.so
7fe6a8635000-7fe6a8637000 rw-p 0002d000 08:06 14820424                   /usr/lib/jvm/java-8-openjdk-amd64/jre/lib/amd64/libjava.so
7fe6a8638000-7fe6a8647000 r-xp 00000000 08:06 14820456                   /usr/lib/jvm/java-8-openjdk-amd64/jre/lib/amd64/libverify.so
7fe6a8647000-7fe6a8846000 ---p 0000f000 08:06 14820456                   /usr/lib/jvm/java-8-openjdk-amd64/jre/lib/amd64/libverify.so
7fe6a8846000-7fe6a8848000 r--p 0000e000 08:06 14820456                   /usr/lib/jvm/java-8-openjdk-amd64/jre/lib/amd64/libverify.so
7fe6a8848000-7fe6a8849000 rw-p 00010000 08:06 14820456                   /usr/lib/jvm/java-8-openjdk-amd64/jre/lib/amd64/libverify.so
7fe6a8850000-7fe6a8857000 r-xp 00000000 08:06 4067263                    /lib/x86_64-linux-gnu/librt-2.23.so
7fe6a8857000-7fe6a8a56000 ---p 00007000 08:06 4067263                    /lib/x86_64-linux-gnu/librt-2.23.so
7fe6a8a56000-7fe6a8a57000 r--p 00006000 08:06 4067263                    /lib/x86_64-linux-gnu/librt-2.23.so
7fe6a8a57000-7fe6a8a58000 rw-p 00007000 08:06 4067263                    /lib/x86_64-linux-gnu/librt-2.23.so
7fe6a8a58000-7fe6a8a6e000 r-xp 00000000 08:06 4067732                    /lib/x86_64-linux-gnu/libgcc_s.so.1
7fe6a8a6e000-7fe6a8c6d000 ---p 00016000 08:06 4067732                    /lib/x86_64-linux-gnu/libgcc_s.so.1
7fe6a8c6d000-7fe6a8c6e000 rw-p 00015000 08:06 4067732                    /lib/x86_64-linux-gnu/libgcc_s.so.1
7fe6a8c70000-7fe6a8d78000 r-xp 00000000 08:06 4067221                    /lib/x86_64-linux-gnu/libm-2.23.so
7fe6a8d78000-7fe6a8f77000 ---p 00108000 08:06 4067221                    /lib/x86_64-linux-gnu/libm-2.23.so
7fe6a8f77000-7fe6a8f78000 r--p 00107000 08:06 4067221                    /lib/x86_64-linux-gnu/libm-2.23.so
7fe6a8f78000-7fe6a8f79000 rw-p 00108000 08:06 4067221                    /lib/x86_64-linux-gnu/libm-2.23.so
7fe6a8f80000-7fe6a90f2000 r-xp 00000000 08:06 14813181                   /usr/lib/x86_64-linux-gnu/libstdc++.so.6.0.21
7fe6a90f2000-7fe6a92f2000 ---p 00172000 08:06 14813181                   /usr/lib/x86_64-linux-gnu/libstdc++.so.6.0.21
7fe6a92f2000-7fe6a92fc000 r--p 00172000 08:06 14813181                   /usr/lib/x86_64-linux-gnu/libstdc++.so.6.0.21
7fe6a92fc000-7fe6a92fe000 rw-p 0017c000 08:06 14813181                   /usr/lib/x86_64-linux-gnu/libstdc++.so.6.0.21
7fe6a92fe000-7fe6a9302000 rw-p 00000000 00:00 0 
7fe6a9308000-7fe6a9f60000 r-xp 00000000 08:06 14820305                   /usr/lib/jvm/java-8-openjdk-amd64/jre/lib/amd64/server/libjvm.so
7fe6a9f60000-7fe6aa160000 ---p 00c58000 08:06 14820305                   /usr/lib/jvm/java-8-openjdk-amd64/jre/lib/amd64/server/libjvm.so
7fe6aa160000-7fe6aa1f3000 r--p 00c58000 08:06 14820305                   /usr/lib/jvm/java-8-openjdk-amd64/jre/lib/amd64/server/libjvm.so
7fe6aa1f3000-7fe6aa21c000 rw-p 00ceb000 08:06 14820305                   /usr/lib/jvm/java-8-openjdk-amd64/jre/lib/amd64/server/libjvm.so
7fe6aa21c000-7fe6aa24c000 rw-p 00000000 00:00 0 
7fe6aa250000-7fe6aa268000 r-xp 00000000 08:06 4067227                    /lib/x86_64-linux-gnu/libpthread-2.23.so
7fe6aa268000-7fe6aa467000 ---p 00018000 08:06 4067227                    /lib/x86_64-linux-gnu/libpthread-2.23.so
7fe6aa467000-7fe6aa468000 r--p 00017000 08:06 4067227                    /lib/x86_64-linux-gnu/libpthread-2.23.so
7fe6aa468000-7fe6aa469000 rw-p 00018000 08:06 4067227                    /lib/x86_64-linux-gnu/libpthread-2.23.so
7fe6aa469000-7fe6aa46d000 rw-p 00000000 00:00 0 
7fe6aa470000-7fe6aa473000 r-xp 00000000 08:06 4067233                    /lib/x86_64-linux-gnu/libdl-2.23.so
7fe6aa473000-7fe6aa672000 ---p 00003000 08:06 4067233                    /lib/x86_64-linux-gnu/libdl-2.23.so
7fe6aa672000-7fe6aa673000 r--p 00002000 08:06 4067233                    /lib/x86_64-linux-gnu/libdl-2.23.so
7fe6aa673000-7fe6aa674000 rw-p 00003000 08:06 4067233                    /lib/x86_64-linux-gnu/libdl-2.23.so
7fe6aa678000-7fe6aa691000 r-xp 00000000 08:06 4067667                    /lib/x86_64-linux-gnu/libz.so.1.2.8
7fe6aa691000-7fe6aa890000 ---p 00019000 08:06 4067667                    /lib/x86_64-linux-gnu/libz.so.1.2.8
7fe6aa890000-7fe6aa891000 r--p 00018000 08:06 4067667                    /lib/x86_64-linux-gnu/libz.so.1.2.8
7fe6aa891000-7fe6aa892000 rw-p 00019000 08:06 4067667                    /lib/x86_64-linux-gnu/libz.so.1.2.8
7fe6aa898000-7fe6aaa58000 r-xp 00000000 08:06 4067229                    /lib/x86_64-linux-gnu/libc-2.23.so
7fe6aaa58000-7fe6aac58000 ---p 001c0000 08:06 4067229                    /lib/x86_64-linux-gnu/libc-2.23.so
7fe6aac58000-7fe6aac5c000 r--p 001c0000 08:06 4067229                    /lib/x86_64-linux-gnu/libc-2.23.so
7fe6aac5c000-7fe6aac5e000 rw-p 001c4000 08:06 4067229                    /lib/x86_64-linux-gnu/libc-2.23.so
7fe6aac5e000-7fe6aac62000 rw-p 00000000 00:00 0 
7fe6aac68000-7fe6aac75000 r-xp 00000000 08:06 14820446                   /usr/lib/jvm/java-8-openjdk-amd64/jre/lib/amd64/jli/libjli.so
7fe6aac75000-7fe6aae75000 ---p 0000d000 08:06 14820446                   /usr/lib/jvm/java-8-openjdk-amd64/jre/lib/amd64/jli/libjli.so
7fe6aae75000-7fe6aae76000 r--p 0000d000 08:06 14820446                   /usr/lib/jvm/java-8-openjdk-amd64/jre/lib/amd64/jli/libjli.so
7fe6aae76000-7fe6aae77000 rw-p 0000e000 08:06 14820446                   /usr/lib/jvm/java-8-openjdk-amd64/jre/lib/amd64/jli/libjli.so
7fe6aae78000-7fe6aae9e000 r-xp 00000000 08:06 4067225                    /lib/x86_64-linux-gnu/ld-2.23.so
7fe6aaea4000-7fe6aaf90000 rw-p 00000000 00:00 0 
7fe6aaf90000-7fe6aaf98000 rw-s 00000000 08:06 22287115                   /tmp/hsperfdata_tomos/6707
7fe6aaf9b000-7fe6aaf9c000 rw-p 00000000 00:00 0 
7fe6aaf9c000-7fe6aaf9f000 ---p 00000000 00:00 0 
7fe6aaf9f000-7fe6ab09d000 rw-p 00000000 00:00 0 
7fe6ab09d000-7fe6ab09e000 r--p 00025000 08:06 4067225                    /lib/x86_64-linux-gnu/ld-2.23.so
7fe6ab09e000-7fe6ab09f000 rw-p 00026000 08:06 4067225                    /lib/x86_64-linux-gnu/ld-2.23.so
7fe6ab09f000-7fe6ab0a0000 rw-p 00000000 00:00 0 
7fe6ab0a0000-7fe6ab0a1000 r--p 00000000 00:00 0 
7fe6ab0a1000-7fe6ab0a6000 rw-p 00000000 00:00 0 
7ffffcc4d000-7ffffcc6e000 rw-p 00000000 00:00 0                          [stack]
7ffffcce0000-7ffffcce3000 r--p 00000000 00:00 0                          [vvar]
7ffffcce3000-7ffffcce5000 r-xp 00000000 00:00 0                          [vdso]
ffffffffff600000-ffffffffff601000 r-xp 00000000 00:00 0                  [vsyscall]

VM Arguments:
java_command: Main
java_class_path (initial): .
Launcher Type: SUN_STANDARD

Environment Variables:
PATH=/home/tomos/bin:/home/tomos/.local/bin:/usr/local/sbin:/usr/local/bin:/usr/sbin:/usr/bin:/sbin:/bin:/usr/games:/usr/local/games:/snap/bin
SHELL=/usr/bin/fish
DISPLAY=:0

Signal Handlers:
SIGSEGV: [libjvm.so+0xa6dcc0], sa_mask[0]=11111111011111111101111111111110, sa_flags=SA_RESTART|SA_SIGINFO
SIGBUS: [libjvm.so+0xa6dcc0], sa_mask[0]=11111111011111111101111111111110, sa_flags=SA_RESTART|SA_SIGINFO
SIGFPE: [libjvm.so+0x8b5350], sa_mask[0]=11111111011111111101111111111110, sa_flags=SA_RESTART|SA_SIGINFO
SIGPIPE: [libjvm.so+0x8b5350], sa_mask[0]=11111111011111111101111111111110, sa_flags=SA_RESTART|SA_SIGINFO
SIGXFSZ: [libjvm.so+0x8b5350], sa_mask[0]=11111111011111111101111111111110, sa_flags=SA_RESTART|SA_SIGINFO
SIGILL: [libjvm.so+0x8b5350], sa_mask[0]=11111111011111111101111111111110, sa_flags=SA_RESTART|SA_SIGINFO
SIGUSR1: SIG_DFL, sa_mask[0]=00000000000000000000000000000000, sa_flags=none
SIGUSR2: [libjvm.so+0x8b5200], sa_mask[0]=00000000000000000000000000000000, sa_flags=SA_RESTART|SA_SIGINFO
SIGHUP: [libjvm.so+0x8b56d0], sa_mask[0]=11111111011111111101111111111110, sa_flags=SA_RESTART|SA_SIGINFO
SIGINT: [libjvm.so+0x8b56d0], sa_mask[0]=11111111011111111101111111111110, sa_flags=SA_RESTART|SA_SIGINFO
SIGTERM: [libjvm.so+0x8b56d0], sa_mask[0]=11111111011111111101111111111110, sa_flags=SA_RESTART|SA_SIGINFO
SIGQUIT: [libjvm.so+0x8b56d0], sa_mask[0]=11111111011111111101111111111110, sa_flags=SA_RESTART|SA_SIGINFO


---------------  S Y S T E M  ---------------

OS:DISTRIB_ID=Ubuntu
DISTRIB_RELEASE=16.04
DISTRIB_CODENAME=xenial
DISTRIB_DESCRIPTION="Ubuntu 16.04.4 LTS"

uname:Linux 4.4.0-121-generic #145-Ubuntu SMP Fri Apr 13 13:47:23 UTC 2018 x86_64
libc:glibc 2.23 NPTL 2.23 
rlimit: STACK 8192k, CORE 0k, NPROC 31506, NOFILE 1048576, AS infinity
load average:4.83 1.19 0.48

/proc/meminfo:
MemTotal:        8172736 kB
MemFree:         7560508 kB
MemAvailable:    7634024 kB
Buffers:           29288 kB
Cached:           233760 kB
SwapCached:        61780 kB
Active:           152068 kB
Inactive:         289572 kB
Active(anon):      33392 kB
Inactive(anon):   146912 kB
Active(file):     118676 kB
Inactive(file):   142660 kB
Unevictable:           0 kB
Mlocked:               0 kB
SwapTotal:       8383996 kB
SwapFree:        7522056 kB
Dirty:               472 kB
Writeback:             0 kB
AnonPages:        163508 kB
Mapped:            34744 kB
Shmem:              1632 kB
Slab:             101772 kB
SReclaimable:      65312 kB
SUnreclaim:        36460 kB
KernelStack:        4032 kB
PageTables:         7076 kB
NFS_Unstable:          0 kB
Bounce:                0 kB
WritebackTmp:          0 kB
CommitLimit:    12470364 kB
Committed_AS:    1402152 kB
VmallocTotal:   34359738367 kB
VmallocUsed:           0 kB
VmallocChunk:          0 kB
HardwareCorrupted:     0 kB
AnonHugePages:         0 kB
CmaTotal:              0 kB
CmaFree:               0 kB
HugePages_Total:       0
HugePages_Free:        0
HugePages_Rsvd:        0
HugePages_Surp:        0
Hugepagesize:       2048 kB
DirectMap4k:     2885568 kB
DirectMap2M:     5500928 kB
DirectMap1G:           0 kB


CPU:total 6 (initial active 6) (6 cores per cpu, 1 threads per core) family 21 model 2 stepping 0, cmov, cx8, fxsr, mmx, sse, sse2, sse3, ssse3, sse4.1, sse4.2, popcnt, avx, aes, clmul, mmxext, 3dnowpref, lzcnt, sse4a, tsc, tscinvbit, tscinv, bmi1

/proc/cpuinfo:
processor	: 0
vendor_id	: AuthenticAMD
cpu family	: 21
model		: 2
model name	: AMD FX(tm)-6350 Six-Core Processor
stepping	: 0
microcode	: 0x600081c
cpu MHz		: 1400.000
cache size	: 2048 KB
physical id	: 0
siblings	: 6
core id		: 0
cpu cores	: 3
apicid		: 0
initial apicid	: 0
fpu		: yes
fpu_exception	: yes
cpuid level	: 13
wp		: yes
flags		: fpu vme de pse tsc msr pae mce cx8 apic sep mtrr pge mca cmov pat pse36 clflush mmx fxsr sse sse2 ht syscall nx mmxext fxsr_opt pdpe1gb rdtscp lm constant_tsc rep_good nopl nonstop_tsc extd_apicid aperfmperf pni pclmulqdq monitor ssse3 fma cx16 sse4_1 sse4_2 popcnt aes xsave avx f16c lahf_lm cmp_legacy svm extapic cr8_legacy abm sse4a misalignsse 3dnowprefetch osvw ibs xop skinit wdt lwp fma4 tce nodeid_msr tbm topoext perfctr_core perfctr_nb cpb hw_pstate rsb_ctxsw retpoline retpoline_amd vmmcall bmi1 arat npt lbrv svm_lock nrip_save tsc_scale vmcb_clean flushbyasid decodeassists pausefilter pfthreshold
bugs		: fxsave_leak sysret_ss_attrs spectre_v1 spectre_v2
bogomips	: 7833.83
TLB size	: 1536 4K pages
clflush size	: 64
cache_alignment	: 64
address sizes	: 48 bits physical, 48 bits virtual
power management: ts ttp tm 100mhzsteps hwpstate cpb eff_freq_ro

processor	: 1
vendor_id	: AuthenticAMD
cpu family	: 21
model		: 2
model name	: AMD FX(tm)-6350 Six-Core Processor
stepping	: 0
microcode	: 0x600081c
cpu MHz		: 1400.000
cache size	: 2048 KB
physical id	: 0
siblings	: 6
core id		: 3
cpu cores	: 3
apicid		: 1
initial apicid	: 3
fpu		: yes
fpu_exception	: yes
cpuid level	: 13
wp		: yes
flags		: fpu vme de pse tsc msr pae mce cx8 apic sep mtrr pge mca cmov pat pse36 clflush mmx fxsr sse sse2 ht syscall nx mmxext fxsr_opt pdpe1gb rdtscp lm constant_tsc rep_good nopl nonstop_tsc extd_apicid aperfmperf pni pclmulqdq monitor ssse3 fma cx16 sse4_1 sse4_2 popcnt aes xsave avx f16c lahf_lm cmp_legacy svm extapic cr8_legacy abm sse4a misalignsse 3dnowprefetch osvw ibs xop skinit wdt lwp fma4 tce nodeid_msr tbm topoext perfctr_core perfctr_nb cpb hw_pstate rsb_ctxsw retpoline retpoline_amd vmmcall bmi1 arat npt lbrv svm_lock nrip_save tsc_scale vmcb_clean flushbyasid decodeassists pausefilter pfthreshold
bugs		: fxsave_leak sysret_ss_attrs spectre_v1 spectre_v2
bogomips	: 7833.83
TLB size	: 1536 4K pages
clflush size	: 64
cache_alignment	: 64
address sizes	: 48 bits physical, 48 bits virtual
power management: ts ttp tm 100mhzsteps hwpstate cpb eff_freq_ro

processor	: 2
vendor_id	: AuthenticAMD
cpu family	: 21
model		: 2
model name	: AMD FX(tm)-6350 Six-Core Processor
stepping	: 0
microcode	: 0x600081c
cpu MHz		: 2000.000
cache size	: 2048 KB
physical id	: 0
siblings	: 6
core id		: 4
cpu cores	: 3
apicid		: 2
initial apicid	: 4
fpu		: yes
fpu_exception	: yes
cpuid level	: 13
wp		: yes
flags		: fpu vme de pse tsc msr pae mce cx8 apic sep mtrr pge mca cmov pat pse36 clflush mmx fxsr sse sse2 ht syscall nx mmxext fxsr_opt pdpe1gb rdtscp lm constant_tsc rep_good nopl nonstop_tsc extd_apicid aperfmperf pni pclmulqdq monitor ssse3 fma cx16 sse4_1 sse4_2 popcnt aes xsave avx f16c lahf_lm cmp_legacy svm extapic cr8_legacy abm sse4a misalignsse 3dnowprefetch osvw ibs xop skinit wdt lwp fma4 tce nodeid_msr tbm topoext perfctr_core perfctr_nb cpb hw_pstate rsb_ctxsw retpoline retpoline_amd vmmcall bmi1 arat npt lbrv svm_lock nrip_save tsc_scale vmcb_clean flushbyasid decodeassists pausefilter pfthreshold
bugs		: fxsave_leak sysret_ss_attrs spectre_v1 spectre_v2
bogomips	: 7833.83
TLB size	: 1536 4K pages
clflush size	: 64
cache_alignment	: 64
address sizes	: 48 bits physical, 48 bits virtual
power management: ts ttp tm 100mhzsteps hwpstate cpb eff_freq_ro

processor	: 3
vendor_id	: AuthenticAMD
cpu family	: 21
model		: 2
model name	: AMD FX(tm)-6350 Six-Core Processor
stepping	: 0
microcode	: 0x600081c
cpu MHz		: 1400.000
cache size	: 2048 KB
physical id	: 0
siblings	: 6
core id		: 5
cpu cores	: 3
apicid		: 3
initial apicid	: 5
fpu		: yes
fpu_exception	: yes
cpuid level	: 13
wp		: yes
flags		: fpu vme de pse tsc msr pae mce cx8 apic sep mtrr pge mca cmov pat pse36 clflush mmx fxsr sse sse2 ht syscall nx mmxext fxsr_opt pdpe1gb rdtscp lm constant_tsc rep_good nopl nonstop_tsc extd_apicid aperfmperf pni pclmulqdq monitor ssse3 fma cx16 sse4_1 sse4_2 popcnt aes xsave avx f16c lahf_lm cmp_legacy svm extapic cr8_legacy abm sse4a misalignsse 3dnowprefetch osvw ibs xop skinit wdt lwp fma4 tce nodeid_msr tbm topoext perfctr_core perfctr_nb cpb hw_pstate rsb_ctxsw retpoline retpoline_amd vmmcall bmi1 arat npt lbrv svm_lock nrip_save tsc_scale vmcb_clean flushbyasid decodeassists pausefilter pfthreshold
bugs		: fxsave_leak sysret_ss_attrs spectre_v1 spectre_v2
bogomips	: 7833.83
TLB size	: 1536 4K pages
clflush size	: 64
cache_alignment	: 64
address sizes	: 48 bits physical, 48 bits virtual
power management: ts ttp tm 100mhzsteps hwpstate cpb eff_freq_ro

processor	: 4
vendor_id	: AuthenticAMD
cpu family	: 21
model		: 2
model name	: AMD FX(tm)-6350 Six-Core Processor
stepping	: 0
microcode	: 0x600081c
cpu MHz		: 1400.000
cache size	: 2048 KB
physical id	: 0
siblings	: 6
core id		: 2
cpu cores	: 3
apicid		: 4
initial apicid	: 2
fpu		: yes
fpu_exception	: yes
cpuid level	: 13
wp		: yes
flags		: fpu vme de pse tsc msr pae mce cx8 apic sep mtrr pge mca cmov pat pse36 clflush mmx fxsr sse sse2 ht syscall nx mmxext fxsr_opt pdpe1gb rdtscp lm constant_tsc rep_good nopl nonstop_tsc extd_apicid aperfmperf pni pclmulqdq monitor ssse3 fma cx16 sse4_1 sse4_2 popcnt aes xsave avx f16c lahf_lm cmp_legacy svm extapic cr8_legacy abm sse4a misalignsse 3dnowprefetch osvw ibs xop skinit wdt lwp fma4 tce nodeid_msr tbm topoext perfctr_core perfctr_nb cpb hw_pstate rsb_ctxsw retpoline retpoline_amd vmmcall bmi1 arat npt lbrv svm_lock nrip_save tsc_scale vmcb_clean flushbyasid decodeassists pausefilter pfthreshold
bugs		: fxsave_leak sysret_ss_attrs spectre_v1 spectre_v2
bogomips	: 7833.83
TLB size	: 1536 4K pages
clflush size	: 64
cache_alignment	: 64
address sizes	: 48 bits physical, 48 bits virtual
power management: ts ttp tm 100mhzsteps hwpstate cpb eff_freq_ro

processor	: 5
vendor_id	: AuthenticAMD
cpu family	: 21
model		: 2
model name	: AMD FX(tm)-6350 Six-Core Processor
stepping	: 0
microcode	: 0x600081c
cpu MHz		: 1400.000
cache size	: 2048 KB
physical id	: 0
siblings	: 6
core id		: 1
cpu cores	: 3
apicid		: 5
initial apicid	: 1
fpu		: yes
fpu_exception	: yes
cpuid level	: 13
wp		: yes
flags		: fpu vme de pse tsc msr pae mce cx8 apic sep mtrr pge mca cmov pat pse36 clflush mmx fxsr sse sse2 ht syscall nx mmxext fxsr_opt pdpe1gb rdtscp lm constant_tsc rep_good nopl nonstop_tsc extd_apicid aperfmperf pni pclmulqdq monitor ssse3 fma cx16 sse4_1 sse4_2 popcnt aes xsave avx f16c lahf_lm cmp_legacy svm extapic cr8_legacy abm sse4a misalignsse 3dnowprefetch osvw ibs xop skinit wdt lwp fma4 tce nodeid_msr tbm topoext perfctr_core perfctr_nb cpb hw_pstate rsb_ctxsw retpoline retpoline_amd vmmcall bmi1 arat npt lbrv svm_lock nrip_save tsc_scale vmcb_clean flushbyasid decodeassists pausefilter pfthreshold
bugs		: fxsave_leak sysret_ss_attrs spectre_v1 spectre_v2
bogomips	: 7833.83
TLB size	: 1536 4K pages
clflush size	: 64
cache_alignment	: 64
address sizes	: 48 bits physical, 48 bits virtual
power management: ts ttp tm 100mhzsteps hwpstate cpb eff_freq_ro



Memory: 4k page, physical 8172736k(7560508k free), swap 8383996k(7522056k free)

vm_info: OpenJDK 64-Bit Server VM (25.162-b12) for linux-amd64 JRE (1.8.0_162-8u162-b12-0ubuntu0.16.04.2-b12), built on Mar 14 2018 12:11:18 by "buildd" with gcc 5.4.0 20160609

time: Fri Apr 27 02:06:08 2018
elapsed time: 38935 seconds (0d 10h 48m 55s)

